[INFO ] 2022-01-05 20:01:53.549 [main] ApisApplication - Starting ApisApplication v0.0.1-SNAPSHOT using Java 11.0.2 on LAPTOP-97BE6DBO with PID 32012 (C:\Users\Sekhar\Desktop\apis.jar started by Sekhar in C:\Users\Sekhar\Desktop)
[INFO ] 2022-01-05 20:01:53.549 [main] ApisApplication - No active profile set, falling back to default profiles: default
[INFO ] 2022-01-05 20:01:55.894 [main] TomcatWebServer - Tomcat initialized with port(s): 8080 (http)
[INFO ] 2022-01-05 20:01:55.933 [main] Http11NioProtocol - Initializing ProtocolHandler ["http-nio-8080"]
[INFO ] 2022-01-05 20:01:55.933 [main] StandardService - Starting service [Tomcat]
[INFO ] 2022-01-05 20:01:55.933 [main] StandardEngine - Starting Servlet engine: [Apache Tomcat/9.0.53]
[INFO ] 2022-01-05 20:01:56.059 [main] [/] - Initializing Spring embedded WebApplicationContext
[INFO ] 2022-01-05 20:01:56.059 [main] ServletWebServerApplicationContext - Root WebApplicationContext: initialization completed in 2431 ms
[INFO ] 2022-01-05 20:01:56.671 [main] PropertySourcedRequestMappingHandlerMapping - Mapped URL path [/v2/api-docs] onto method [springfox.documentation.swagger2.web.Swagger2Controller#getDocumentation(String, HttpServletRequest)]
[INFO ] 2022-01-05 20:01:57.001 [main] Http11NioProtocol - Starting ProtocolHandler ["http-nio-8080"]
[INFO ] 2022-01-05 20:01:57.048 [main] TomcatWebServer - Tomcat started on port(s): 8080 (http) with context path ''
[INFO ] 2022-01-05 20:01:57.048 [main] DocumentationPluginsBootstrapper - Context refreshed
[INFO ] 2022-01-05 20:01:57.080 [main] DocumentationPluginsBootstrapper - Found 1 custom documentation plugin(s)
[INFO ] 2022-01-05 20:01:57.189 [main] ApiListingReferenceScanner - Scanning for api listing references
[INFO ] 2022-01-05 20:01:57.456 [main] ApisApplication - Started ApisApplication in 4.445 seconds (JVM running for 6.136)
[INFO ] 2022-01-05 20:02:09.752 [http-nio-8080-exec-1] [/] - Initializing Spring DispatcherServlet 'dispatcherServlet'
[INFO ] 2022-01-05 20:02:09.752 [http-nio-8080-exec-1] DispatcherServlet - Initializing Servlet 'dispatcherServlet'
[INFO ] 2022-01-05 20:02:09.752 [http-nio-8080-exec-1] DispatcherServlet - Completed initialization in 0 ms
[INFO ] 2022-01-05 20:03:10.677 [http-nio-8080-exec-8] ItemService - Request to create item : ItemDAO{itemName='tinyPhone', itemType='phone', manufacturingCompany='banana', manufacturingDate=Tue Jan 04 20:02:10 CST 2022, tags=[electronic, cheap]}
[INFO ] 2022-01-05 20:03:10.693 [http-nio-8080-exec-8] ItemService - Created Item : Item{id='0c2ac0a1-5675-436f-8f5c-a7cbda88b78c', itemName='tinyPhone', itemType='phone', manufacturingCompany='banana', manufacturingDate=Tue Jan 04 20:02:10 CST 2022, tags=[electronic, cheap]}
[INFO ] 2022-01-05 20:06:21.324 [http-nio-8080-exec-4] ItemService - Request to create item : ItemDAO{itemName='avgPhone', itemType='phone', manufacturingCompany='banana', manufacturingDate=Mon Jan 03 20:02:10 CST 2022, tags=[electronic, cheap]}
[INFO ] 2022-01-05 20:06:21.324 [http-nio-8080-exec-4] ItemService - Created Item : Item{id='902a455a-e165-4a6a-9449-d1ccd64ce258', itemName='avgPhone', itemType='phone', manufacturingCompany='banana', manufacturingDate=Mon Jan 03 20:02:10 CST 2022, tags=[electronic, cheap]}
[INFO ] 2022-01-05 20:06:50.466 [http-nio-8080-exec-3] ItemService - Request to create item : ItemDAO{itemName='avgPhone', itemType='phone', manufacturingCompany='orange', manufacturingDate=Tue Jan 04 20:02:10 CST 2022, tags=[electronic, costly]}
[INFO ] 2022-01-05 20:06:50.481 [http-nio-8080-exec-3] ItemService - Created Item : Item{id='bcd22922-3b03-4a99-b56a-e3fb27da7224', itemName='avgPhone', itemType='phone', manufacturingCompany='orange', manufacturingDate=Tue Jan 04 20:02:10 CST 2022, tags=[electronic, costly]}
[INFO ] 2022-01-05 20:07:30.656 [http-nio-8080-exec-2] ItemService - Request to create item : ItemDAO{itemName='heavyCotton', itemType='cloth', manufacturingCompany='farmer', manufacturingDate=Fri Dec 31 20:02:10 CST 2021, tags=[country, cheap]}
[INFO ] 2022-01-05 20:07:30.656 [http-nio-8080-exec-2] ItemService - Created Item : Item{id='4e0e0257-e5f1-47a6-a1f5-9c891847b0cb', itemName='heavyCotton', itemType='cloth', manufacturingCompany='farmer', manufacturingDate=Fri Dec 31 20:02:10 CST 2021, tags=[country, cheap]}
[INFO ] 2022-01-05 20:07:43.191 [http-nio-8080-exec-6] ItemService - filter request with filters Optional.empty Optional.empty Optional.empty Optional.empty null
[INFO ] 2022-01-05 20:07:43.191 [http-nio-8080-exec-6] ItemService - sending response to user : [Item{id='902a455a-e165-4a6a-9449-d1ccd64ce258', itemName='avgPhone', itemType='phone', manufacturingCompany='banana', manufacturingDate=Mon Jan 03 20:02:10 CST 2022, tags=[electronic, cheap]}, Item{id='4e0e0257-e5f1-47a6-a1f5-9c891847b0cb', itemName='heavyCotton', itemType='cloth', manufacturingCompany='farmer', manufacturingDate=Fri Dec 31 20:02:10 CST 2021, tags=[country, cheap]}, Item{id='bcd22922-3b03-4a99-b56a-e3fb27da7224', itemName='avgPhone', itemType='phone', manufacturingCompany='orange', manufacturingDate=Tue Jan 04 20:02:10 CST 2022, tags=[electronic, costly]}, Item{id='0c2ac0a1-5675-436f-8f5c-a7cbda88b78c', itemName='tinyPhone', itemType='phone', manufacturingCompany='banana', manufacturingDate=Tue Jan 04 20:02:10 CST 2022, tags=[electronic, cheap]}]
[INFO ] 2022-01-05 20:09:40.621 [http-nio-8080-exec-1] ItemService - Request to get item with id : 0c2ac0a1-5675-436f-8f5c-a7cbda88b78c
[INFO ] 2022-01-05 20:14:50.167 [http-nio-8080-exec-9] ItemService - update request for item 0c2ac0a1-5675-436f-8f5c-a7cbda88b78c, ItemDAO{itemName='tinyPhone', itemType='phone', manufacturingCompany='banana', manufacturingDate=Tue Jan 04 20:02:10 CST 2022, tags=[electronic, cheap, broken]}
[INFO ] 2022-01-05 20:14:50.167 [http-nio-8080-exec-9] ItemService - response to user : ItemDAO{itemName='tinyPhone', itemType='phone', manufacturingCompany='banana', manufacturingDate=Tue Jan 04 20:02:10 CST 2022, tags=[electronic, cheap, broken]}
[INFO ] 2022-01-05 20:18:38.147 [http-nio-8080-exec-4] ItemService - request to delete item 0c2ac0a1-5675-436f-8f5c-a7cbda88b78c
[INFO ] 2022-01-05 20:19:15.514 [http-nio-8080-exec-3] ItemService - filter request with filters Optional.empty Optional.empty Optional.empty Optional.empty null
[INFO ] 2022-01-05 20:19:15.514 [http-nio-8080-exec-3] ItemService - sending response to user : [Item{id='902a455a-e165-4a6a-9449-d1ccd64ce258', itemName='avgPhone', itemType='phone', manufacturingCompany='banana', manufacturingDate=Mon Jan 03 20:02:10 CST 2022, tags=[electronic, cheap]}, Item{id='4e0e0257-e5f1-47a6-a1f5-9c891847b0cb', itemName='heavyCotton', itemType='cloth', manufacturingCompany='farmer', manufacturingDate=Fri Dec 31 20:02:10 CST 2021, tags=[country, cheap]}, Item{id='bcd22922-3b03-4a99-b56a-e3fb27da7224', itemName='avgPhone', itemType='phone', manufacturingCompany='orange', manufacturingDate=Tue Jan 04 20:02:10 CST 2022, tags=[electronic, costly]}]
[INFO ] 2022-01-05 20:20:04.223 [http-nio-8080-exec-2] ItemService - Request to create item : ItemDAO{itemName='slowPc', itemType='laptop', manufacturingCompany='banana', manufacturingDate=Thu Dec 31 20:02:10 CST 2020, tags=[costly, not_worth]}
[INFO ] 2022-01-05 20:20:04.223 [http-nio-8080-exec-2] ItemService - Created Item : Item{id='aa1fa3c7-6adb-4a2a-be93-5bccb1f123ba', itemName='slowPc', itemType='laptop', manufacturingCompany='banana', manufacturingDate=Thu Dec 31 20:02:10 CST 2020, tags=[costly, not_worth]}
[INFO ] 2022-01-05 20:20:14.088 [http-nio-8080-exec-6] ItemService - filter request with filters Optional.empty Optional.empty Optional.empty Optional.empty null
[INFO ] 2022-01-05 20:20:14.088 [http-nio-8080-exec-6] ItemService - sending response to user : [Item{id='aa1fa3c7-6adb-4a2a-be93-5bccb1f123ba', itemName='slowPc', itemType='laptop', manufacturingCompany='banana', manufacturingDate=Thu Dec 31 20:02:10 CST 2020, tags=[costly, not_worth]}, Item{id='902a455a-e165-4a6a-9449-d1ccd64ce258', itemName='avgPhone', itemType='phone', manufacturingCompany='banana', manufacturingDate=Mon Jan 03 20:02:10 CST 2022, tags=[electronic, cheap]}, Item{id='4e0e0257-e5f1-47a6-a1f5-9c891847b0cb', itemName='heavyCotton', itemType='cloth', manufacturingCompany='farmer', manufacturingDate=Fri Dec 31 20:02:10 CST 2021, tags=[country, cheap]}, Item{id='bcd22922-3b03-4a99-b56a-e3fb27da7224', itemName='avgPhone', itemType='phone', manufacturingCompany='orange', manufacturingDate=Tue Jan 04 20:02:10 CST 2022, tags=[electronic, costly]}]
[INFO ] 2022-01-05 20:21:41.137 [http-nio-8080-exec-1] ItemService - filter request with filters Optional.empty Optional.empty Optional[banana] Optional.empty null
[INFO ] 2022-01-05 20:21:41.137 [http-nio-8080-exec-1] ItemService - sending response to user : [Item{id='aa1fa3c7-6adb-4a2a-be93-5bccb1f123ba', itemName='slowPc', itemType='laptop', manufacturingCompany='banana', manufacturingDate=Thu Dec 31 20:02:10 CST 2020, tags=[costly, not_worth]}, Item{id='902a455a-e165-4a6a-9449-d1ccd64ce258', itemName='avgPhone', itemType='phone', manufacturingCompany='banana', manufacturingDate=Mon Jan 03 20:02:10 CST 2022, tags=[electronic, cheap]}]
[INFO ] 2022-01-05 20:23:11.221 [http-nio-8080-exec-7] ItemService - filter request with filters Optional.empty Optional[phone] Optional[banana] Optional.empty null
[INFO ] 2022-01-05 20:23:11.221 [http-nio-8080-exec-7] ItemService - sending response to user : [Item{id='902a455a-e165-4a6a-9449-d1ccd64ce258', itemName='avgPhone', itemType='phone', manufacturingCompany='banana', manufacturingDate=Mon Jan 03 20:02:10 CST 2022, tags=[electronic, cheap]}]
[INFO ] 2022-01-05 20:23:56.612 [http-nio-8080-exec-9] ItemService - filter request with filters Optional.empty Optional[laptop] Optional[banana] Optional.empty null
[INFO ] 2022-01-05 20:23:56.613 [http-nio-8080-exec-9] ItemService - sending response to user : [Item{id='aa1fa3c7-6adb-4a2a-be93-5bccb1f123ba', itemName='slowPc', itemType='laptop', manufacturingCompany='banana', manufacturingDate=Thu Dec 31 20:02:10 CST 2020, tags=[costly, not_worth]}]
[INFO ] 2022-01-05 20:24:53.700 [http-nio-8080-exec-5] ItemService - Request to create item : ItemDAO{itemName='tinyPC', itemType='laptop', manufacturingCompany='banana', manufacturingDate=Thu Sep 30 21:02:10 CDT 2021, tags=[cheap, electronic]}
[INFO ] 2022-01-05 20:24:53.700 [http-nio-8080-exec-5] ItemService - Created Item : Item{id='bf7dd4cc-6cdb-4342-a3f8-2741470145c0', itemName='tinyPC', itemType='laptop', manufacturingCompany='banana', manufacturingDate=Thu Sep 30 21:02:10 CDT 2021, tags=[cheap, electronic]}
[INFO ] 2022-01-05 20:25:24.979 [http-nio-8080-exec-4] ItemService - request to delete item bf7dd4cc-6cdb-4342-a3f8-2741470145c0
[INFO ] 2022-01-05 20:25:47.353 [http-nio-8080-exec-3] ItemService - Request to create item : ItemDAO{itemName='tinyPC', itemType='laptop', manufacturingCompany='mango', manufacturingDate=Thu Sep 30 21:02:10 CDT 2021, tags=[cheap, electronic]}
[INFO ] 2022-01-05 20:25:47.353 [http-nio-8080-exec-3] ItemService - Created Item : Item{id='6d327c94-d25e-4814-8ab0-d969a9bb135e', itemName='tinyPC', itemType='laptop', manufacturingCompany='mango', manufacturingDate=Thu Sep 30 21:02:10 CDT 2021, tags=[cheap, electronic]}
[INFO ] 2022-01-05 20:26:02.841 [http-nio-8080-exec-2] ItemService - filter request with filters Optional.empty Optional.empty Optional.empty Optional.empty [electronic]
[INFO ] 2022-01-05 20:26:02.841 [http-nio-8080-exec-2] ItemService - sending response to user : [Item{id='902a455a-e165-4a6a-9449-d1ccd64ce258', itemName='avgPhone', itemType='phone', manufacturingCompany='banana', manufacturingDate=Mon Jan 03 20:02:10 CST 2022, tags=[electronic, cheap]}, Item{id='bcd22922-3b03-4a99-b56a-e3fb27da7224', itemName='avgPhone', itemType='phone', manufacturingCompany='orange', manufacturingDate=Tue Jan 04 20:02:10 CST 2022, tags=[electronic, costly]}, Item{id='6d327c94-d25e-4814-8ab0-d969a9bb135e', itemName='tinyPC', itemType='laptop', manufacturingCompany='mango', manufacturingDate=Thu Sep 30 21:02:10 CDT 2021, tags=[cheap, electronic]}]
[INFO ] 2022-01-05 20:27:26.073 [http-nio-8080-exec-10] ItemService - filter request with filters Optional.empty Optional.empty Optional.empty Optional.empty [electronic, cheap]
[INFO ] 2022-01-05 20:27:26.073 [http-nio-8080-exec-10] ItemService - sending response to user : [Item{id='902a455a-e165-4a6a-9449-d1ccd64ce258', itemName='avgPhone', itemType='phone', manufacturingCompany='banana', manufacturingDate=Mon Jan 03 20:02:10 CST 2022, tags=[electronic, cheap]}, Item{id='6d327c94-d25e-4814-8ab0-d969a9bb135e', itemName='tinyPC', itemType='laptop', manufacturingCompany='mango', manufacturingDate=Thu Sep 30 21:02:10 CDT 2021, tags=[cheap, electronic]}]
[INFO ] 2022-01-05 20:28:39.428 [http-nio-8080-exec-8] ItemService - filter request with filters Optional.empty Optional[phone] Optional.empty Optional.empty [electronic, cheap]
[INFO ] 2022-01-05 20:28:39.432 [http-nio-8080-exec-8] ItemService - sending response to user : [Item{id='902a455a-e165-4a6a-9449-d1ccd64ce258', itemName='avgPhone', itemType='phone', manufacturingCompany='banana', manufacturingDate=Mon Jan 03 20:02:10 CST 2022, tags=[electronic, cheap]}]
[INFO ] 2022-01-05 20:29:27.905 [http-nio-8080-exec-7] ItemService - filter request with filters Optional.empty Optional.empty Optional.empty Optional.empty null
[INFO ] 2022-01-05 20:29:27.905 [http-nio-8080-exec-7] ItemService - sending response to user : [Item{id='aa1fa3c7-6adb-4a2a-be93-5bccb1f123ba', itemName='slowPc', itemType='laptop', manufacturingCompany='banana', manufacturingDate=Thu Dec 31 20:02:10 CST 2020, tags=[costly, not_worth]}, Item{id='902a455a-e165-4a6a-9449-d1ccd64ce258', itemName='avgPhone', itemType='phone', manufacturingCompany='banana', manufacturingDate=Mon Jan 03 20:02:10 CST 2022, tags=[electronic, cheap]}, Item{id='4e0e0257-e5f1-47a6-a1f5-9c891847b0cb', itemName='heavyCotton', itemType='cloth', manufacturingCompany='farmer', manufacturingDate=Fri Dec 31 20:02:10 CST 2021, tags=[country, cheap]}, Item{id='bcd22922-3b03-4a99-b56a-e3fb27da7224', itemName='avgPhone', itemType='phone', manufacturingCompany='orange', manufacturingDate=Tue Jan 04 20:02:10 CST 2022, tags=[electronic, costly]}, Item{id='6d327c94-d25e-4814-8ab0-d969a9bb135e', itemName='tinyPC', itemType='laptop', manufacturingCompany='mango', manufacturingDate=Thu Sep 30 21:02:10 CDT 2021, tags=[cheap, electronic]}]
[WARN ] 2022-01-05 20:29:45.751 [http-nio-8080-exec-9] DefaultHandlerExceptionResolver - Resolved [org.springframework.web.method.annotation.MethodArgumentTypeMismatchException: Failed to convert value of type 'java.lang.String' to required type 'java.util.Date'; nested exception is org.springframework.core.convert.ConversionFailedException: Failed to convert from type [java.lang.String] to type [@org.springframework.web.bind.annotation.RequestParam java.util.Date] for value '2021-01-01T02:02:10.466+00:00'; nested exception is java.lang.IllegalArgumentException]
[WARN ] 2022-01-05 20:30:30.312 [http-nio-8080-exec-5] DefaultHandlerExceptionResolver - Resolved [org.springframework.web.method.annotation.MethodArgumentTypeMismatchException: Failed to convert value of type 'java.lang.String' to required type 'java.util.Date'; nested exception is org.springframework.core.convert.ConversionFailedException: Failed to convert from type [java.lang.String] to type [@org.springframework.web.bind.annotation.RequestParam java.util.Date] for value '2021-01-01T02:02:10.466'; nested exception is java.lang.IllegalArgumentException]
[INFO ] 2022-01-05 20:30:36.456 [http-nio-8080-exec-4] ItemService - filter request with filters Optional.empty Optional.empty Optional.empty Optional.empty null
[INFO ] 2022-01-05 20:30:36.456 [http-nio-8080-exec-4] ItemService - sending response to user : [Item{id='aa1fa3c7-6adb-4a2a-be93-5bccb1f123ba', itemName='slowPc', itemType='laptop', manufacturingCompany='banana', manufacturingDate=Thu Dec 31 20:02:10 CST 2020, tags=[costly, not_worth]}, Item{id='902a455a-e165-4a6a-9449-d1ccd64ce258', itemName='avgPhone', itemType='phone', manufacturingCompany='banana', manufacturingDate=Mon Jan 03 20:02:10 CST 2022, tags=[electronic, cheap]}, Item{id='4e0e0257-e5f1-47a6-a1f5-9c891847b0cb', itemName='heavyCotton', itemType='cloth', manufacturingCompany='farmer', manufacturingDate=Fri Dec 31 20:02:10 CST 2021, tags=[country, cheap]}, Item{id='bcd22922-3b03-4a99-b56a-e3fb27da7224', itemName='avgPhone', itemType='phone', manufacturingCompany='orange', manufacturingDate=Tue Jan 04 20:02:10 CST 2022, tags=[electronic, costly]}, Item{id='6d327c94-d25e-4814-8ab0-d969a9bb135e', itemName='tinyPC', itemType='laptop', manufacturingCompany='mango', manufacturingDate=Thu Sep 30 21:02:10 CDT 2021, tags=[cheap, electronic]}]
